Lexical atoms list
File analysed: ..\..\samples/javap4.java
Time: Thu May 17 13:24:54 2018

Type: IDENTIFIER             Value: e12
Type: STRING LITERAL         Value: "*////////*"
Type: OPERATOR               Value: *
Type: OPERATOR               Value: /
Type: STRING LITERAL         Value: "/*lkjlkj'e'"
Type: STRING LITERAL         Value: "/*"
Type: OPERATOR               Value: *
Type: OPERATOR               Value: /
Lexical analysis error - Line No: 11 - Stream Pos No:104
Type: OPERATOR               Value: /
Type: OPERATOR               Value: *
Type: OPERATOR               Value: *
Type: OPERATOR               Value: /
Type: KEYWORD                Value: public
Type: KEYWORD                Value: static
Type: PREDEFINED TYPE        Value: void
Type: KEYWORD                Value: main
Type: BRACKET                Value: (
Type: PREDEFINED TYPE        Value: String
Type: BRACKET                Value: [
Type: BRACKET                Value: ]
Type: IDENTIFIER             Value: args
Type: BRACKET                Value: )
Type: BRACKET                Value: {
Type: STRING LITERAL         Value: "12e-25"
Type: KEYWORD                Value: if
Type: BRACKET                Value: (
Type: BRACKET                Value: (
Type: IDENTIFIER             Value: e12
Type: SEPARATOR              Value: .
Type: IDENTIFIER             Value: f
Type: OPERATOR               Value: ++
Type: OPERATOR               Value: +=
Type: FLOATING POINT LITERAL Value: 12e-3
Type: OPERATOR               Value: <<=
Type: FLOATING POINT LITERAL Value: 12.3e-12
Type: OPERATOR               Value: +
Type: OPERATOR               Value: *
Type: IDENTIFIER             Value: ab12
Type: SEPARATOR              Value: .
Type: IDENTIFIER             Value: ef
Type: BRACKET                Value: )
Type: OPERATOR               Value: &&
Type: IDENTIFIER             Value: qwe
Type: SEPARATOR              Value: .
Type: IDENTIFIER             Value: f
Type: SEPARATOR              Value: .
Type: IDENTIFIER             Value: e
Type: OPERATOR               Value: /
Type: OPERATOR               Value: *
Type: IDENTIFIER             Value: f
Type: OPERATOR               Value: ++
Type: OPERATOR               Value: ++
Type: OPERATOR               Value: +
Type: IDENTIFIER             Value: g
Type: BRACKET                Value: )
Type: BRACKET                Value: {
Type: SEPARATOR              Value: ;
Type: BRACKET                Value: }
Type: CHARACTER LITERAL      Value: '0'
Type: SEPARATOR              Value: ;
Type: IDENTIFIER             Value: f
Type: BRACKET                Value: (
Type: BRACKET                Value: )
Type: SEPARATOR              Value: ;
Lexical analysis error - Line No: 20 - Stream Pos No:241
Type: IDENTIFIER             Value: are
Type: IDENTIFIER             Value: mere
Lexical analysis error - Line No: 22 - Stream Pos No:251
Type: STRING LITERAL         Value: "escaped ana\
are\
mere"
Type: KEYWORD                Value: return
Type: INTEGER LITERAL        Value: 0
Type: SEPARATOR              Value: ;
Type: BRACKET                Value: }
Type: STRING LITERAL         Value: "as"
